<?xml version="1.0" encoding="UTF-8"?>
<testng-results ignored="0" total="1" passed="1" failed="0" skipped="0">
  <reporter-output>
  </reporter-output>
  <suite started-at="2023-03-28T23:54:48 IST" name="Default suite" finished-at="2023-03-28T23:55:15 IST" duration-ms="27162">
    <groups>
    </groups>
    <test started-at="2023-03-28T23:54:48 IST" name="Default test" finished-at="2023-03-28T23:55:15 IST" duration-ms="27162">
      <class name="dropdown.Test.alertTest">
        <test-method signature="alertCheck()[pri:0, instance:dropdown.Test.alertTest@49049a04]" started-at="2023-03-28T23:54:48 IST" name="alertCheck" finished-at="2023-03-28T23:55:15 IST" duration-ms="27046" status="PASS">
          <reporter-output>
          </reporter-output>
        </test-method> <!-- alertCheck -->
      </class> <!-- dropdown.Test.alertTest -->
    </test> <!-- Default test -->
  </suite> <!-- Default suite -->
</testng-results>
